<?xml version="1.0" encoding="UTF-8" ?>
<testsuite failures="0" time="0.409" errors="0" skipped="0" tests="9" name="com.zju.webapp.controller.UserFormControllerTest">
  <properties>
    <property name="java.runtime.name" value="Java(TM) SE Runtime Environment"/>
    <property name="sun.boot.library.path" value="C:\Program Files\Java\jdk1.6.0\jre\bin"/>
    <property name="java.vm.version" value="20.6-b01"/>
    <property name="java.vm.vendor" value="Sun Microsystems Inc."/>
    <property name="java.vendor.url" value="http://java.sun.com/"/>
    <property name="path.separator" value=";"/>
    <property name="java.vm.name" value="Java HotSpot(TM) 64-Bit Server VM"/>
    <property name="file.encoding.pkg" value="sun.io"/>
    <property name="user.country" value="CN"/>
    <property name="sun.java.launcher" value="SUN_STANDARD"/>
    <property name="sun.os.patch.level" value="Service Pack 1"/>
    <property name="java.vm.specification.name" value="Java Virtual Machine Specification"/>
    <property name="user.dir" value="E:\Workspaces\ruleLib\rules\rules"/>
    <property name="java.runtime.version" value="1.6.0_31-b05"/>
    <property name="java.awt.graphicsenv" value="sun.awt.Win32GraphicsEnvironment"/>
    <property name="basedir" value="E:\Workspaces\ruleLib\rules\rules"/>
    <property name="java.endorsed.dirs" value="C:\Program Files\Java\jdk1.6.0\jre\lib\endorsed"/>
    <property name="os.arch" value="amd64"/>
    <property name="surefire.real.class.path" value="C:\Users\王建平\AppData\Local\Temp\surefirebooter8573360608333188247.jar"/>
    <property name="java.io.tmpdir" value="C:\Users\王建平\AppData\Local\Temp\"/>
    <property name="line.separator" value="
"/>
    <property name="java.vm.specification.vendor" value="Sun Microsystems Inc."/>
    <property name="user.variant" value=""/>
    <property name="os.name" value="Windows 7"/>
    <property name="sun.jnu.encoding" value="GBK"/>
    <property name="java.library.path" value="C:\Program Files\Java\jdk1.6.0\jre\bin;C:\Windows\Sun\Java\bin;C:\Windows\system32;C:\Windows;D:\MySQL\MySQL Server 5.5\bin;C:\Program Files\Java\jdk1.6.0\bin;C:\Windows\system32;C:\Windows;C:\Windows\System32\Wbem;C:\Windows\System32\WindowsPowerShell\v1.0\;D:\TortoiseSVN\bin;D:\apache-maven-2.2.1\bin;."/>
    <property name="surefire.test.class.path" value="E:\Workspaces\ruleLib\rules\rules\target\test-classes;E:\Workspaces\ruleLib\rules\rules\target\classes;D:\apache-maven-2.2.1\repository\org\appfuse\appfuse-service\2.1.0\appfuse-service-2.1.0.jar;D:\apache-maven-2.2.1\repository\commons-collections\commons-collections\3.1\commons-collections-3.1.jar;D:\apache-maven-2.2.1\repository\net\sf\ehcache\ehcache-core\2.3.1\ehcache-core-2.3.1.jar;D:\apache-maven-2.2.1\repository\org\slf4j\slf4j-api\1.6.1\slf4j-api-1.6.1.jar;D:\apache-maven-2.2.1\repository\javax\mail\mail\1.4\mail-1.4.jar;D:\apache-maven-2.2.1\repository\javax\activation\activation\1.1\activation-1.1.jar;D:\apache-maven-2.2.1\repository\velocity\velocity\1.4\velocity-1.4.jar;D:\apache-maven-2.2.1\repository\velocity\velocity-dep\1.4\velocity-dep-1.4.jar;D:\apache-maven-2.2.1\repository\org\apache\cxf\cxf-rt-frontend-jaxrs\2.3.3\cxf-rt-frontend-jaxrs-2.3.3.jar;D:\apache-maven-2.2.1\repository\org\apache\cxf\cxf-common-utilities\2.3.3\cxf-common-utilities-2.3.3.jar;D:\apache-maven-2.2.1\repository\org\apache\ws\commons\schema\XmlSchema\1.4.7\XmlSchema-1.4.7.jar;D:\apache-maven-2.2.1\repository\org\codehaus\woodstox\woodstox-core-asl\4.1.1\woodstox-core-asl-4.1.1.jar;D:\apache-maven-2.2.1\repository\org\codehaus\woodstox\stax2-api\3.1.1\stax2-api-3.1.1.jar;D:\apache-maven-2.2.1\repository\org\apache\cxf\cxf-api\2.3.3\cxf-api-2.3.3.jar;D:\apache-maven-2.2.1\repository\org\apache\neethi\neethi\2.0.4\neethi-2.0.4.jar;D:\apache-maven-2.2.1\repository\wsdl4j\wsdl4j\1.6.2\wsdl4j-1.6.2.jar;D:\apache-maven-2.2.1\repository\commons-logging\commons-logging\1.0.4\commons-logging-1.0.4.jar;D:\apache-maven-2.2.1\repository\org\apache\cxf\cxf-common-schemas\2.3.3\cxf-common-schemas-2.3.3.jar;D:\apache-maven-2.2.1\repository\org\apache\cxf\cxf-rt-core\2.3.3\cxf-rt-core-2.3.3.jar;D:\apache-maven-2.2.1\repository\com\sun\xml\bind\jaxb-impl\2.1.13\jaxb-impl-2.1.13.jar;D:\apache-maven-2.2.1\repository\org\apache\geronimo\specs\geronimo-javamail_1.4_spec\1.7.1\geronimo-javamail_1.4_spec-1.7.1.jar;D:\apache-maven-2.2.1\repository\javax\ws\rs\jsr311-api\1.1.1\jsr311-api-1.1.1.jar;D:\apache-maven-2.2.1\repository\org\apache\cxf\cxf-rt-bindings-xml\2.3.3\cxf-rt-bindings-xml-2.3.3.jar;D:\apache-maven-2.2.1\repository\org\apache\cxf\cxf-rt-transports-http\2.3.3\cxf-rt-transports-http-2.3.3.jar;D:\apache-maven-2.2.1\repository\org\apache\cxf\cxf-rt-transports-common\2.3.3\cxf-rt-transports-common-2.3.3.jar;D:\apache-maven-2.2.1\repository\org\codehaus\jettison\jettison\1.2\jettison-1.2.jar;D:\apache-maven-2.2.1\repository\javax\xml\stream\stax-api\1.0-2\stax-api-1.0-2.jar;D:\apache-maven-2.2.1\repository\org\apache\cxf\cxf-rt-frontend-jaxws\2.3.3\cxf-rt-frontend-jaxws-2.3.3.jar;D:\apache-maven-2.2.1\repository\xml-resolver\xml-resolver\1.2\xml-resolver-1.2.jar;D:\apache-maven-2.2.1\repository\asm\asm\3.3\asm-3.3.jar;D:\apache-maven-2.2.1\repository\org\apache\cxf\cxf-rt-bindings-soap\2.3.3\cxf-rt-bindings-soap-2.3.3.jar;D:\apache-maven-2.2.1\repository\org\apache\cxf\cxf-tools-common\2.3.3\cxf-tools-common-2.3.3.jar;D:\apache-maven-2.2.1\repository\org\apache\cxf\cxf-rt-databinding-jaxb\2.3.3\cxf-rt-databinding-jaxb-2.3.3.jar;D:\apache-maven-2.2.1\repository\org\apache\cxf\cxf-rt-frontend-simple\2.3.3\cxf-rt-frontend-simple-2.3.3.jar;D:\apache-maven-2.2.1\repository\org\apache\cxf\cxf-rt-ws-addr\2.3.3\cxf-rt-ws-addr-2.3.3.jar;D:\apache-maven-2.2.1\repository\org\codehaus\jackson\jackson-jaxrs\1.7.1\jackson-jaxrs-1.7.1.jar;D:\apache-maven-2.2.1\repository\org\codehaus\jackson\jackson-core-asl\1.7.1\jackson-core-asl-1.7.1.jar;D:\apache-maven-2.2.1\repository\org\codehaus\jackson\jackson-mapper-asl\1.7.1\jackson-mapper-asl-1.7.1.jar;D:\apache-maven-2.2.1\repository\org\springframework\spring-aop\3.0.5.RELEASE\spring-aop-3.0.5.RELEASE.jar;D:\apache-maven-2.2.1\repository\aopalliance\aopalliance\1.0\aopalliance-1.0.jar;D:\apache-maven-2.2.1\repository\org\springframework\spring-asm\3.0.5.RELEASE\spring-asm-3.0.5.RELEASE.jar;D:\apache-maven-2.2.1\repository\org\springframework\spring-beans\3.0.5.RELEASE\spring-beans-3.0.5.RELEASE.jar;D:\apache-maven-2.2.1\repository\org\springframework\spring-core\3.0.5.RELEASE\spring-core-3.0.5.RELEASE.jar;D:\apache-maven-2.2.1\repository\org\springframework\spring-aspects\3.0.5.RELEASE\spring-aspects-3.0.5.RELEASE.jar;D:\apache-maven-2.2.1\repository\org\springframework\spring-context\3.0.5.RELEASE\spring-context-3.0.5.RELEASE.jar;D:\apache-maven-2.2.1\repository\org\springframework\spring-expression\3.0.5.RELEASE\spring-expression-3.0.5.RELEASE.jar;D:\apache-maven-2.2.1\repository\org\springframework\spring-context-support\3.0.5.RELEASE\spring-context-support-3.0.5.RELEASE.jar;D:\apache-maven-2.2.1\repository\org\springframework\spring-test\3.0.5.RELEASE\spring-test-3.0.5.RELEASE.jar;D:\apache-maven-2.2.1\repository\commons-lang\commons-lang\2.6\commons-lang-2.6.jar;D:\apache-maven-2.2.1\repository\org\springframework\security\spring-security-core\3.0.5.RELEASE\spring-security-core-3.0.5.RELEASE.jar;D:\apache-maven-2.2.1\repository\org\springframework\spring-tx\3.0.3.RELEASE\spring-tx-3.0.3.RELEASE.jar;D:\apache-maven-2.2.1\repository\org\aspectj\aspectjrt\1.6.10\aspectjrt-1.6.10.jar;D:\apache-maven-2.2.1\repository\org\aspectj\aspectjweaver\1.6.10\aspectjweaver-1.6.10.jar;D:\apache-maven-2.2.1\repository\org\springframework\security\spring-security-config\3.0.5.RELEASE\spring-security-config-3.0.5.RELEASE.jar;D:\apache-maven-2.2.1\repository\org\slf4j\jcl-over-slf4j\1.6.1\jcl-over-slf4j-1.6.1.jar;D:\apache-maven-2.2.1\repository\org\slf4j\slf4j-log4j12\1.6.1\slf4j-log4j12-1.6.1.jar;D:\apache-maven-2.2.1\repository\log4j\log4j\1.2.16\log4j-1.2.16.jar;D:\apache-maven-2.2.1\repository\mysql\mysql-connector-java\5.1.14\mysql-connector-java-5.1.14.jar;D:\apache-maven-2.2.1\repository\commons-dbcp\commons-dbcp\1.3\commons-dbcp-1.3.jar;D:\apache-maven-2.2.1\repository\commons-pool\commons-pool\1.5.4\commons-pool-1.5.4.jar;D:\apache-maven-2.2.1\repository\org\directwebremoting\dwr\2.0.3\dwr-2.0.3.jar;D:\apache-maven-2.2.1\repository\net\sf\ehcache\ehcache-web\2.0.3\ehcache-web-2.0.3.jar;D:\apache-maven-2.2.1\repository\javax\servlet\jstl\1.1.2\jstl-1.1.2.jar;D:\apache-maven-2.2.1\repository\taglibs\standard\1.1.2\standard-1.1.2.jar;D:\apache-maven-2.2.1\repository\struts-menu\struts-menu\2.4.3\struts-menu-2.4.3.jar;D:\apache-maven-2.2.1\repository\commons-beanutils\commons-beanutils\1.8.3\commons-beanutils-1.8.3.jar;D:\apache-maven-2.2.1\repository\commons-digester\commons-digester\1.7\commons-digester-1.7.jar;D:\apache-maven-2.2.1\repository\velocity-tools\velocity-tools-view\1.0\velocity-tools-view-1.0.jar;D:\apache-maven-2.2.1\repository\opensymphony\sitemesh\2.4.2\sitemesh-2.4.2.jar;D:\apache-maven-2.2.1\repository\org\springframework\security\spring-security-taglibs\3.0.5.RELEASE\spring-security-taglibs-3.0.5.RELEASE.jar;D:\apache-maven-2.2.1\repository\org\springframework\security\spring-security-web\3.0.5.RELEASE\spring-security-web-3.0.5.RELEASE.jar;D:\apache-maven-2.2.1\repository\org\springframework\security\spring-security-acl\3.0.5.RELEASE\spring-security-acl-3.0.5.RELEASE.jar;D:\apache-maven-2.2.1\repository\org\springframework\spring-jdbc\3.0.5.RELEASE\spring-jdbc-3.0.5.RELEASE.jar;D:\apache-maven-2.2.1\repository\org\springframework\spring-webmvc\3.0.5.RELEASE\spring-webmvc-3.0.5.RELEASE.jar;D:\apache-maven-2.2.1\repository\org\springframework\spring-web\3.0.5.RELEASE\spring-web-3.0.5.RELEASE.jar;D:\apache-maven-2.2.1\repository\org\tuckey\urlrewritefilter\3.1.0\urlrewritefilter-3.1.0.jar;D:\apache-maven-2.2.1\repository\org\appfuse\appfuse-hibernate\2.1.0\appfuse-hibernate-2.1.0.jar;D:\apache-maven-2.2.1\repository\org\appfuse\appfuse-data-common\2.1.0\appfuse-data-common-2.1.0.jar;D:\apache-maven-2.2.1\repository\org\hibernate\java-persistence\jpa-api\2.0-cr-1\jpa-api-2.0-cr-1.jar;D:\apache-maven-2.2.1\repository\javax\xml\bind\jaxb-api\2.2\jaxb-api-2.2.jar;D:\apache-maven-2.2.1\repository\org\compass-project\compass\2.2.0\compass-2.2.0.jar;D:\apache-maven-2.2.1\repository\org\apache\lucene\lucene-core\2.4.1\lucene-core-2.4.1.jar;D:\apache-maven-2.2.1\repository\org\springframework\spring-orm\3.0.5.RELEASE\spring-orm-3.0.5.RELEASE.jar;D:\apache-maven-2.2.1\repository\org\hibernate\hibernate-core\3.6.1.Final\hibernate-core-3.6.1.Final.jar;D:\apache-maven-2.2.1\repository\antlr\antlr\2.7.6\antlr-2.7.6.jar;D:\apache-maven-2.2.1\repository\dom4j\dom4j\1.6.1\dom4j-1.6.1.jar;D:\apache-maven-2.2.1\repository\org\hibernate\hibernate-commons-annotations\3.2.0.Final\hibernate-commons-annotations-3.2.0.Final.jar;D:\apache-maven-2.2.1\repository\org\hibernate\javax\persistence\hibernate-jpa-2.0-api\1.0.0.Final\hibernate-jpa-2.0-api-1.0.0.Final.jar;D:\apache-maven-2.2.1\repository\javax\transaction\jta\1.1\jta-1.1.jar;D:\apache-maven-2.2.1\repository\javassist\javassist\3.12.1.GA\javassist-3.12.1.GA.jar;D:\apache-maven-2.2.1\repository\org\hibernate\hibernate-ehcache\3.6.1.Final\hibernate-ehcache-3.6.1.Final.jar;D:\apache-maven-2.2.1\repository\commons-fileupload\commons-fileupload\1.2.1\commons-fileupload-1.2.1.jar;D:\apache-maven-2.2.1\repository\commons-io\commons-io\1.3.2\commons-io-1.3.2.jar;D:\apache-maven-2.2.1\repository\displaytag\displaytag\1.2\displaytag-1.2.jar;D:\apache-maven-2.2.1\repository\com\lowagie\itext\1.3\itext-1.3.jar;D:\apache-maven-2.2.1\repository\javax\servlet\jsp\jsp-api\2.1\jsp-api-2.1.jar;D:\apache-maven-2.2.1\repository\javax\servlet\servlet-api\2.5\servlet-api-2.5.jar;D:\apache-maven-2.2.1\repository\org\springmodules\spring-modules-validation\0.8\spring-modules-validation-0.8.jar;D:\apache-maven-2.2.1\repository\commons-validator\commons-validator\1.3.0\commons-validator-1.3.0.jar;D:\apache-maven-2.2.1\repository\oro\oro\2.0.8\oro-2.0.8.jar;D:\apache-maven-2.2.1\repository\rhino\js\1.6R2\js-1.6R2.jar;D:\apache-maven-2.2.1\repository\org\jmock\jmock\2.5.1\jmock-2.5.1.jar;D:\apache-maven-2.2.1\repository\org\hamcrest\hamcrest-core\1.1\hamcrest-core-1.1.jar;D:\apache-maven-2.2.1\repository\org\hamcrest\hamcrest-library\1.1\hamcrest-library-1.1.jar;D:\apache-maven-2.2.1\repository\org\jmock\jmock-junit4\2.5.1\jmock-junit4-2.5.1.jar;D:\apache-maven-2.2.1\repository\junit\junit-dep\4.5\junit-dep-4.5.jar;D:\apache-maven-2.2.1\repository\junit\junit\4.8.2\junit-4.8.2.jar;D:\apache-maven-2.2.1\repository\org\subethamail\subethasmtp-wiser\1.2\subethasmtp-wiser-1.2.jar;D:\apache-maven-2.2.1\repository\org\subethamail\subethasmtp-smtp\1.2\subethasmtp-smtp-1.2.jar;"/>
    <property name="java.specification.name" value="Java Platform API Specification"/>
    <property name="java.class.version" value="50.0"/>
    <property name="sun.management.compiler" value="HotSpot 64-Bit Tiered Compilers"/>
    <property name="os.version" value="6.1"/>
    <property name="user.home" value="C:\Users\王建平"/>
    <property name="user.timezone" value="Asia/Shanghai"/>
    <property name="java.awt.printerjob" value="sun.awt.windows.WPrinterJob"/>
    <property name="java.specification.version" value="1.6"/>
    <property name="file.encoding" value="GBK"/>
    <property name="user.name" value="王建平"/>
    <property name="java.class.path" value="E:\Workspaces\ruleLib\rules\rules\target\test-classes;E:\Workspaces\ruleLib\rules\rules\target\classes;D:\apache-maven-2.2.1\repository\org\appfuse\appfuse-service\2.1.0\appfuse-service-2.1.0.jar;D:\apache-maven-2.2.1\repository\commons-collections\commons-collections\3.1\commons-collections-3.1.jar;D:\apache-maven-2.2.1\repository\net\sf\ehcache\ehcache-core\2.3.1\ehcache-core-2.3.1.jar;D:\apache-maven-2.2.1\repository\org\slf4j\slf4j-api\1.6.1\slf4j-api-1.6.1.jar;D:\apache-maven-2.2.1\repository\javax\mail\mail\1.4\mail-1.4.jar;D:\apache-maven-2.2.1\repository\javax\activation\activation\1.1\activation-1.1.jar;D:\apache-maven-2.2.1\repository\velocity\velocity\1.4\velocity-1.4.jar;D:\apache-maven-2.2.1\repository\velocity\velocity-dep\1.4\velocity-dep-1.4.jar;D:\apache-maven-2.2.1\repository\org\apache\cxf\cxf-rt-frontend-jaxrs\2.3.3\cxf-rt-frontend-jaxrs-2.3.3.jar;D:\apache-maven-2.2.1\repository\org\apache\cxf\cxf-common-utilities\2.3.3\cxf-common-utilities-2.3.3.jar;D:\apache-maven-2.2.1\repository\org\apache\ws\commons\schema\XmlSchema\1.4.7\XmlSchema-1.4.7.jar;D:\apache-maven-2.2.1\repository\org\codehaus\woodstox\woodstox-core-asl\4.1.1\woodstox-core-asl-4.1.1.jar;D:\apache-maven-2.2.1\repository\org\codehaus\woodstox\stax2-api\3.1.1\stax2-api-3.1.1.jar;D:\apache-maven-2.2.1\repository\org\apache\cxf\cxf-api\2.3.3\cxf-api-2.3.3.jar;D:\apache-maven-2.2.1\repository\org\apache\neethi\neethi\2.0.4\neethi-2.0.4.jar;D:\apache-maven-2.2.1\repository\wsdl4j\wsdl4j\1.6.2\wsdl4j-1.6.2.jar;D:\apache-maven-2.2.1\repository\commons-logging\commons-logging\1.0.4\commons-logging-1.0.4.jar;D:\apache-maven-2.2.1\repository\org\apache\cxf\cxf-common-schemas\2.3.3\cxf-common-schemas-2.3.3.jar;D:\apache-maven-2.2.1\repository\org\apache\cxf\cxf-rt-core\2.3.3\cxf-rt-core-2.3.3.jar;D:\apache-maven-2.2.1\repository\com\sun\xml\bind\jaxb-impl\2.1.13\jaxb-impl-2.1.13.jar;D:\apache-maven-2.2.1\repository\org\apache\geronimo\specs\geronimo-javamail_1.4_spec\1.7.1\geronimo-javamail_1.4_spec-1.7.1.jar;D:\apache-maven-2.2.1\repository\javax\ws\rs\jsr311-api\1.1.1\jsr311-api-1.1.1.jar;D:\apache-maven-2.2.1\repository\org\apache\cxf\cxf-rt-bindings-xml\2.3.3\cxf-rt-bindings-xml-2.3.3.jar;D:\apache-maven-2.2.1\repository\org\apache\cxf\cxf-rt-transports-http\2.3.3\cxf-rt-transports-http-2.3.3.jar;D:\apache-maven-2.2.1\repository\org\apache\cxf\cxf-rt-transports-common\2.3.3\cxf-rt-transports-common-2.3.3.jar;D:\apache-maven-2.2.1\repository\org\codehaus\jettison\jettison\1.2\jettison-1.2.jar;D:\apache-maven-2.2.1\repository\javax\xml\stream\stax-api\1.0-2\stax-api-1.0-2.jar;D:\apache-maven-2.2.1\repository\org\apache\cxf\cxf-rt-frontend-jaxws\2.3.3\cxf-rt-frontend-jaxws-2.3.3.jar;D:\apache-maven-2.2.1\repository\xml-resolver\xml-resolver\1.2\xml-resolver-1.2.jar;D:\apache-maven-2.2.1\repository\asm\asm\3.3\asm-3.3.jar;D:\apache-maven-2.2.1\repository\org\apache\cxf\cxf-rt-bindings-soap\2.3.3\cxf-rt-bindings-soap-2.3.3.jar;D:\apache-maven-2.2.1\repository\org\apache\cxf\cxf-tools-common\2.3.3\cxf-tools-common-2.3.3.jar;D:\apache-maven-2.2.1\repository\org\apache\cxf\cxf-rt-databinding-jaxb\2.3.3\cxf-rt-databinding-jaxb-2.3.3.jar;D:\apache-maven-2.2.1\repository\org\apache\cxf\cxf-rt-frontend-simple\2.3.3\cxf-rt-frontend-simple-2.3.3.jar;D:\apache-maven-2.2.1\repository\org\apache\cxf\cxf-rt-ws-addr\2.3.3\cxf-rt-ws-addr-2.3.3.jar;D:\apache-maven-2.2.1\repository\org\codehaus\jackson\jackson-jaxrs\1.7.1\jackson-jaxrs-1.7.1.jar;D:\apache-maven-2.2.1\repository\org\codehaus\jackson\jackson-core-asl\1.7.1\jackson-core-asl-1.7.1.jar;D:\apache-maven-2.2.1\repository\org\codehaus\jackson\jackson-mapper-asl\1.7.1\jackson-mapper-asl-1.7.1.jar;D:\apache-maven-2.2.1\repository\org\springframework\spring-aop\3.0.5.RELEASE\spring-aop-3.0.5.RELEASE.jar;D:\apache-maven-2.2.1\repository\aopalliance\aopalliance\1.0\aopalliance-1.0.jar;D:\apache-maven-2.2.1\repository\org\springframework\spring-asm\3.0.5.RELEASE\spring-asm-3.0.5.RELEASE.jar;D:\apache-maven-2.2.1\repository\org\springframework\spring-beans\3.0.5.RELEASE\spring-beans-3.0.5.RELEASE.jar;D:\apache-maven-2.2.1\repository\org\springframework\spring-core\3.0.5.RELEASE\spring-core-3.0.5.RELEASE.jar;D:\apache-maven-2.2.1\repository\org\springframework\spring-aspects\3.0.5.RELEASE\spring-aspects-3.0.5.RELEASE.jar;D:\apache-maven-2.2.1\repository\org\springframework\spring-context\3.0.5.RELEASE\spring-context-3.0.5.RELEASE.jar;D:\apache-maven-2.2.1\repository\org\springframework\spring-expression\3.0.5.RELEASE\spring-expression-3.0.5.RELEASE.jar;D:\apache-maven-2.2.1\repository\org\springframework\spring-context-support\3.0.5.RELEASE\spring-context-support-3.0.5.RELEASE.jar;D:\apache-maven-2.2.1\repository\org\springframework\spring-test\3.0.5.RELEASE\spring-test-3.0.5.RELEASE.jar;D:\apache-maven-2.2.1\repository\commons-lang\commons-lang\2.6\commons-lang-2.6.jar;D:\apache-maven-2.2.1\repository\org\springframework\security\spring-security-core\3.0.5.RELEASE\spring-security-core-3.0.5.RELEASE.jar;D:\apache-maven-2.2.1\repository\org\springframework\spring-tx\3.0.3.RELEASE\spring-tx-3.0.3.RELEASE.jar;D:\apache-maven-2.2.1\repository\org\aspectj\aspectjrt\1.6.10\aspectjrt-1.6.10.jar;D:\apache-maven-2.2.1\repository\org\aspectj\aspectjweaver\1.6.10\aspectjweaver-1.6.10.jar;D:\apache-maven-2.2.1\repository\org\springframework\security\spring-security-config\3.0.5.RELEASE\spring-security-config-3.0.5.RELEASE.jar;D:\apache-maven-2.2.1\repository\org\slf4j\jcl-over-slf4j\1.6.1\jcl-over-slf4j-1.6.1.jar;D:\apache-maven-2.2.1\repository\org\slf4j\slf4j-log4j12\1.6.1\slf4j-log4j12-1.6.1.jar;D:\apache-maven-2.2.1\repository\log4j\log4j\1.2.16\log4j-1.2.16.jar;D:\apache-maven-2.2.1\repository\mysql\mysql-connector-java\5.1.14\mysql-connector-java-5.1.14.jar;D:\apache-maven-2.2.1\repository\commons-dbcp\commons-dbcp\1.3\commons-dbcp-1.3.jar;D:\apache-maven-2.2.1\repository\commons-pool\commons-pool\1.5.4\commons-pool-1.5.4.jar;D:\apache-maven-2.2.1\repository\org\directwebremoting\dwr\2.0.3\dwr-2.0.3.jar;D:\apache-maven-2.2.1\repository\net\sf\ehcache\ehcache-web\2.0.3\ehcache-web-2.0.3.jar;D:\apache-maven-2.2.1\repository\javax\servlet\jstl\1.1.2\jstl-1.1.2.jar;D:\apache-maven-2.2.1\repository\taglibs\standard\1.1.2\standard-1.1.2.jar;D:\apache-maven-2.2.1\repository\struts-menu\struts-menu\2.4.3\struts-menu-2.4.3.jar;D:\apache-maven-2.2.1\repository\commons-beanutils\commons-beanutils\1.8.3\commons-beanutils-1.8.3.jar;D:\apache-maven-2.2.1\repository\commons-digester\commons-digester\1.7\commons-digester-1.7.jar;D:\apache-maven-2.2.1\repository\velocity-tools\velocity-tools-view\1.0\velocity-tools-view-1.0.jar;D:\apache-maven-2.2.1\repository\opensymphony\sitemesh\2.4.2\sitemesh-2.4.2.jar;D:\apache-maven-2.2.1\repository\org\springframework\security\spring-security-taglibs\3.0.5.RELEASE\spring-security-taglibs-3.0.5.RELEASE.jar;D:\apache-maven-2.2.1\repository\org\springframework\security\spring-security-web\3.0.5.RELEASE\spring-security-web-3.0.5.RELEASE.jar;D:\apache-maven-2.2.1\repository\org\springframework\security\spring-security-acl\3.0.5.RELEASE\spring-security-acl-3.0.5.RELEASE.jar;D:\apache-maven-2.2.1\repository\org\springframework\spring-jdbc\3.0.5.RELEASE\spring-jdbc-3.0.5.RELEASE.jar;D:\apache-maven-2.2.1\repository\org\springframework\spring-webmvc\3.0.5.RELEASE\spring-webmvc-3.0.5.RELEASE.jar;D:\apache-maven-2.2.1\repository\org\springframework\spring-web\3.0.5.RELEASE\spring-web-3.0.5.RELEASE.jar;D:\apache-maven-2.2.1\repository\org\tuckey\urlrewritefilter\3.1.0\urlrewritefilter-3.1.0.jar;D:\apache-maven-2.2.1\repository\org\appfuse\appfuse-hibernate\2.1.0\appfuse-hibernate-2.1.0.jar;D:\apache-maven-2.2.1\repository\org\appfuse\appfuse-data-common\2.1.0\appfuse-data-common-2.1.0.jar;D:\apache-maven-2.2.1\repository\org\hibernate\java-persistence\jpa-api\2.0-cr-1\jpa-api-2.0-cr-1.jar;D:\apache-maven-2.2.1\repository\javax\xml\bind\jaxb-api\2.2\jaxb-api-2.2.jar;D:\apache-maven-2.2.1\repository\org\compass-project\compass\2.2.0\compass-2.2.0.jar;D:\apache-maven-2.2.1\repository\org\apache\lucene\lucene-core\2.4.1\lucene-core-2.4.1.jar;D:\apache-maven-2.2.1\repository\org\springframework\spring-orm\3.0.5.RELEASE\spring-orm-3.0.5.RELEASE.jar;D:\apache-maven-2.2.1\repository\org\hibernate\hibernate-core\3.6.1.Final\hibernate-core-3.6.1.Final.jar;D:\apache-maven-2.2.1\repository\antlr\antlr\2.7.6\antlr-2.7.6.jar;D:\apache-maven-2.2.1\repository\dom4j\dom4j\1.6.1\dom4j-1.6.1.jar;D:\apache-maven-2.2.1\repository\org\hibernate\hibernate-commons-annotations\3.2.0.Final\hibernate-commons-annotations-3.2.0.Final.jar;D:\apache-maven-2.2.1\repository\org\hibernate\javax\persistence\hibernate-jpa-2.0-api\1.0.0.Final\hibernate-jpa-2.0-api-1.0.0.Final.jar;D:\apache-maven-2.2.1\repository\javax\transaction\jta\1.1\jta-1.1.jar;D:\apache-maven-2.2.1\repository\javassist\javassist\3.12.1.GA\javassist-3.12.1.GA.jar;D:\apache-maven-2.2.1\repository\org\hibernate\hibernate-ehcache\3.6.1.Final\hibernate-ehcache-3.6.1.Final.jar;D:\apache-maven-2.2.1\repository\commons-fileupload\commons-fileupload\1.2.1\commons-fileupload-1.2.1.jar;D:\apache-maven-2.2.1\repository\commons-io\commons-io\1.3.2\commons-io-1.3.2.jar;D:\apache-maven-2.2.1\repository\displaytag\displaytag\1.2\displaytag-1.2.jar;D:\apache-maven-2.2.1\repository\com\lowagie\itext\1.3\itext-1.3.jar;D:\apache-maven-2.2.1\repository\javax\servlet\jsp\jsp-api\2.1\jsp-api-2.1.jar;D:\apache-maven-2.2.1\repository\javax\servlet\servlet-api\2.5\servlet-api-2.5.jar;D:\apache-maven-2.2.1\repository\org\springmodules\spring-modules-validation\0.8\spring-modules-validation-0.8.jar;D:\apache-maven-2.2.1\repository\commons-validator\commons-validator\1.3.0\commons-validator-1.3.0.jar;D:\apache-maven-2.2.1\repository\oro\oro\2.0.8\oro-2.0.8.jar;D:\apache-maven-2.2.1\repository\rhino\js\1.6R2\js-1.6R2.jar;D:\apache-maven-2.2.1\repository\org\jmock\jmock\2.5.1\jmock-2.5.1.jar;D:\apache-maven-2.2.1\repository\org\hamcrest\hamcrest-core\1.1\hamcrest-core-1.1.jar;D:\apache-maven-2.2.1\repository\org\hamcrest\hamcrest-library\1.1\hamcrest-library-1.1.jar;D:\apache-maven-2.2.1\repository\org\jmock\jmock-junit4\2.5.1\jmock-junit4-2.5.1.jar;D:\apache-maven-2.2.1\repository\junit\junit-dep\4.5\junit-dep-4.5.jar;D:\apache-maven-2.2.1\repository\junit\junit\4.8.2\junit-4.8.2.jar;D:\apache-maven-2.2.1\repository\org\subethamail\subethasmtp-wiser\1.2\subethasmtp-wiser-1.2.jar;D:\apache-maven-2.2.1\repository\org\subethamail\subethasmtp-smtp\1.2\subethasmtp-smtp-1.2.jar;"/>
    <property name="java.vm.specification.version" value="1.0"/>
    <property name="sun.arch.data.model" value="64"/>
    <property name="java.home" value="C:\Program Files\Java\jdk1.6.0\jre"/>
    <property name="sun.java.command" value="C:\Users\王建平\AppData\Local\Temp\surefirebooter8573360608333188247.jar C:\Users\王建平\AppData\Local\Temp\surefire4856193272349220679tmp C:\Users\王建平\AppData\Local\Temp\surefire9166880138361709991tmp"/>
    <property name="java.specification.vendor" value="Sun Microsystems Inc."/>
    <property name="user.language" value="zh"/>
    <property name="org.apache.lucene.FSDirectory.class" value="org.apache.lucene.store.FSDirectory"/>
    <property name="awt.toolkit" value="sun.awt.windows.WToolkit"/>
    <property name="java.vm.info" value="mixed mode"/>
    <property name="java.version" value="1.6.0_31"/>
    <property name="java.ext.dirs" value="C:\Program Files\Java\jdk1.6.0\jre\lib\ext;C:\Windows\Sun\Java\lib\ext"/>
    <property name="sun.boot.class.path" value="C:\Program Files\Java\jdk1.6.0\jre\lib\resources.jar;C:\Program Files\Java\jdk1.6.0\jre\lib\rt.jar;C:\Program Files\Java\jdk1.6.0\jre\lib\sunrsasign.jar;C:\Program Files\Java\jdk1.6.0\jre\lib\jsse.jar;C:\Program Files\Java\jdk1.6.0\jre\lib\jce.jar;C:\Program Files\Java\jdk1.6.0\jre\lib\charsets.jar;C:\Program Files\Java\jdk1.6.0\jre\lib\modules\jdk.boot.jar;C:\Program Files\Java\jdk1.6.0\jre\classes"/>
    <property name="java.vendor" value="Sun Microsystems Inc."/>
    <property name="localRepository" value="D:/apache-maven-2.2.1/repository"/>
    <property name="file.separator" value="\"/>
    <property name="java.vendor.url.bug" value="http://java.sun.com/cgi-bin/bugreport.cgi"/>
    <property name="sun.cpu.endian" value="little"/>
    <property name="sun.io.unicode.encoding" value="UnicodeLittle"/>
    <property name="sun.desktop" value="windows"/>
    <property name="sun.cpu.isalist" value="amd64"/>
  </properties>
  <testcase time="0.027" classname="com.zju.webapp.controller.UserFormControllerTest" name="testAdd"/>
  <testcase time="0.004" classname="com.zju.webapp.controller.UserFormControllerTest" name="testAddWithoutPermission"/>
  <testcase time="0.012" classname="com.zju.webapp.controller.UserFormControllerTest" name="testCancel"/>
  <testcase time="0.01" classname="com.zju.webapp.controller.UserFormControllerTest" name="testEdit"/>
  <testcase time="0.005" classname="com.zju.webapp.controller.UserFormControllerTest" name="testEditWithoutPermission"/>
  <testcase time="0.007" classname="com.zju.webapp.controller.UserFormControllerTest" name="testEditProfile"/>
  <testcase time="0.295" classname="com.zju.webapp.controller.UserFormControllerTest" name="testSave"/>
  <testcase time="0.008" classname="com.zju.webapp.controller.UserFormControllerTest" name="testAddWithMissingFields"/>
  <testcase time="0.017" classname="com.zju.webapp.controller.UserFormControllerTest" name="testRemove"/>
</testsuite>